[09-May-2017 09:43:35 UTC] PHP Fatal error:  Call to a member function query() on a non-object in /home/ubuntu/workspace/features/flights.php on line 6
[09-May-2017 09:43:35 UTC] PHP Stack trace:
[09-May-2017 09:43:35 UTC] PHP   1. {main}() /home/ubuntu/workspace/features/flightlist.php:0
[09-May-2017 09:43:35 UTC] PHP   2. getFlights() /home/ubuntu/workspace/features/flightlist.php:6
[09-May-2017 09:44:51 UTC] PHP Warning:  mysqli_query() expects parameter 1 to be mysqli, null given in /home/ubuntu/workspace/features/flights.php on line 6
[09-May-2017 09:44:51 UTC] PHP Stack trace:
[09-May-2017 09:44:51 UTC] PHP   1. {main}() /home/ubuntu/workspace/features/flightlist.php:0
[09-May-2017 09:44:51 UTC] PHP   2. getFlights() /home/ubuntu/workspace/features/flightlist.php:6
[09-May-2017 09:44:51 UTC] PHP   3. mysqli_query() /home/ubuntu/workspace/features/flights.php:6
[09-May-2017 09:44:51 UTC] PHP Warning:  mysqli_fetch_assoc() expects parameter 1 to be mysqli_result, null given in /home/ubuntu/workspace/features/flights.php on line 7
[09-May-2017 09:44:51 UTC] PHP Stack trace:
[09-May-2017 09:44:51 UTC] PHP   1. {main}() /home/ubuntu/workspace/features/flightlist.php:0
[09-May-2017 09:44:51 UTC] PHP   2. getFlights() /home/ubuntu/workspace/features/flightlist.php:6
[09-May-2017 09:44:51 UTC] PHP   3. mysqli_fetch_assoc() /home/ubuntu/workspace/features/flights.php:7
[09-May-2017 19:31:48 UTC] PHP Warning:  mysqli_fetch_assoc() expects parameter 1 to be mysqli_result, boolean given in /home/ubuntu/workspace/features/searchflights.php on line 20
[09-May-2017 19:31:48 UTC] PHP Stack trace:
[09-May-2017 19:31:48 UTC] PHP   1. {main}() /home/ubuntu/workspace/features/searchflights.php:0
[09-May-2017 19:31:48 UTC] PHP   2. mysqli_fetch_assoc() /home/ubuntu/workspace/features/searchflights.php:20
[09-May-2017 19:32:20 UTC] PHP Warning:  mysqli_fetch_assoc() expects parameter 1 to be mysqli_result, boolean given in /home/ubuntu/workspace/features/searchflights.php on line 20
[09-May-2017 19:32:20 UTC] PHP Stack trace:
[09-May-2017 19:32:20 UTC] PHP   1. {main}() /home/ubuntu/workspace/features/searchflights.php:0
[09-May-2017 19:32:20 UTC] PHP   2. mysqli_fetch_assoc() /home/ubuntu/workspace/features/searchflights.php:20
[09-May-2017 19:32:25 UTC] PHP Warning:  mysqli_fetch_assoc() expects parameter 1 to be mysqli_result, boolean given in /home/ubuntu/workspace/features/searchflights.php on line 20
[09-May-2017 19:32:25 UTC] PHP Stack trace:
[09-May-2017 19:32:25 UTC] PHP   1. {main}() /home/ubuntu/workspace/features/searchflights.php:0
[09-May-2017 19:32:25 UTC] PHP   2. mysqli_fetch_assoc() /home/ubuntu/workspace/features/searchflights.php:20
[09-May-2017 19:32:32 UTC] PHP Warning:  mysqli_fetch_assoc() expects parameter 1 to be mysqli_result, boolean given in /home/ubuntu/workspace/features/searchflights.php on line 20
[09-May-2017 19:32:32 UTC] PHP Stack trace:
[09-May-2017 19:32:32 UTC] PHP   1. {main}() /home/ubuntu/workspace/features/searchflights.php:0
[09-May-2017 19:32:32 UTC] PHP   2. mysqli_fetch_assoc() /home/ubuntu/workspace/features/searchflights.php:20
[09-May-2017 22:44:14 UTC] PHP Warning:  include(../../dbh.php): failed to open stream: No such file or directory in /home/ubuntu/workspace/features/commission.php on line 5
[09-May-2017 22:44:14 UTC] PHP Stack trace:
[09-May-2017 22:44:14 UTC] PHP   1. {main}() /home/ubuntu/workspace/features/commission.php:0
[09-May-2017 22:44:14 UTC] PHP Warning:  include(): Failed opening '../../dbh.php' for inclusion (include_path='.:/usr/share/php:/usr/share/pear') in /home/ubuntu/workspace/features/commission.php on line 5
[09-May-2017 22:44:14 UTC] PHP Stack trace:
[09-May-2017 22:44:14 UTC] PHP   1. {main}() /home/ubuntu/workspace/features/commission.php:0
[09-May-2017 22:44:49 UTC] PHP Warning:  include(../../dbh.php): failed to open stream: No such file or directory in /home/ubuntu/workspace/features/commission.php on line 5
[09-May-2017 22:44:49 UTC] PHP Stack trace:
[09-May-2017 22:44:49 UTC] PHP   1. {main}() /home/ubuntu/workspace/features/commission.php:0
[09-May-2017 22:44:49 UTC] PHP Warning:  include(): Failed opening '../../dbh.php' for inclusion (include_path='.:/usr/share/php:/usr/share/pear') in /home/ubuntu/workspace/features/commission.php on line 5
[09-May-2017 22:44:49 UTC] PHP Stack trace:
[09-May-2017 22:44:49 UTC] PHP   1. {main}() /home/ubuntu/workspace/features/commission.php:0
[09-May-2017 23:07:09 UTC] PHP Warning:  include(com_funcs.php): failed to open stream: No such file or directory in /home/ubuntu/workspace/features/commission.php on line 6
[09-May-2017 23:07:09 UTC] PHP Stack trace:
[09-May-2017 23:07:09 UTC] PHP   1. {main}() /home/ubuntu/workspace/features/commission.php:0
[09-May-2017 23:07:09 UTC] PHP Warning:  include(): Failed opening 'com_funcs.php' for inclusion (include_path='.:/usr/share/php:/usr/share/pear') in /home/ubuntu/workspace/features/commission.php on line 6
[09-May-2017 23:07:09 UTC] PHP Stack trace:
[09-May-2017 23:07:09 UTC] PHP   1. {main}() /home/ubuntu/workspace/features/commission.php:0
[09-May-2017 23:07:09 UTC] PHP Fatal error:  Call to undefined function getTotalCommission() in /home/ubuntu/workspace/features/commission.php on line 13
[09-May-2017 23:07:09 UTC] PHP Stack trace:
[09-May-2017 23:07:09 UTC] PHP   1. {main}() /home/ubuntu/workspace/features/commission.php:0
[09-May-2017 23:15:45 UTC] PHP Warning:  mysqli_query(): Empty query in /home/ubuntu/workspace/features/com_funcs.php on line 6
[09-May-2017 23:15:45 UTC] PHP Stack trace:
[09-May-2017 23:15:45 UTC] PHP   1. {main}() /home/ubuntu/workspace/features/commission.php:0
[09-May-2017 23:15:45 UTC] PHP   2. getTotalCommission() /home/ubuntu/workspace/features/commission.php:13
[09-May-2017 23:15:45 UTC] PHP   3. mysqli_query() /home/ubuntu/workspace/features/com_funcs.php:6
[09-May-2017 23:15:45 UTC] PHP Warning:  mysqli_fetch_assoc() expects parameter 1 to be mysqli_result, null given in /home/ubuntu/workspace/features/com_funcs.php on line 8
[09-May-2017 23:15:45 UTC] PHP Stack trace:
[09-May-2017 23:15:45 UTC] PHP   1. {main}() /home/ubuntu/workspace/features/commission.php:0
[09-May-2017 23:15:45 UTC] PHP   2. getTotalCommission() /home/ubuntu/workspace/features/commission.php:13
[09-May-2017 23:15:45 UTC] PHP   3. mysqli_fetch_assoc() /home/ubuntu/workspace/features/com_funcs.php:8
[09-May-2017 23:16:00 UTC] PHP Warning:  mysqli_query(): Empty query in /home/ubuntu/workspace/features/com_funcs.php on line 6
[09-May-2017 23:16:00 UTC] PHP Stack trace:
[09-May-2017 23:16:00 UTC] PHP   1. {main}() /home/ubuntu/workspace/features/commission.php:0
[09-May-2017 23:16:00 UTC] PHP   2. getTotalCommission() /home/ubuntu/workspace/features/commission.php:13
[09-May-2017 23:16:00 UTC] PHP   3. mysqli_query() /home/ubuntu/workspace/features/com_funcs.php:6
[09-May-2017 23:16:00 UTC] PHP Warning:  mysqli_fetch_assoc() expects parameter 1 to be mysqli_result, null given in /home/ubuntu/workspace/features/com_funcs.php on line 8
[09-May-2017 23:16:00 UTC] PHP Stack trace:
[09-May-2017 23:16:00 UTC] PHP   1. {main}() /home/ubuntu/workspace/features/commission.php:0
[09-May-2017 23:16:00 UTC] PHP   2. getTotalCommission() /home/ubuntu/workspace/features/commission.php:13
[09-May-2017 23:16:00 UTC] PHP   3. mysqli_fetch_assoc() /home/ubuntu/workspace/features/com_funcs.php:8
[09-May-2017 23:16:01 UTC] PHP Warning:  mysqli_query(): Empty query in /home/ubuntu/workspace/features/com_funcs.php on line 6
[09-May-2017 23:16:01 UTC] PHP Stack trace:
[09-May-2017 23:16:01 UTC] PHP   1. {main}() /home/ubuntu/workspace/features/commission.php:0
[09-May-2017 23:16:01 UTC] PHP   2. getTotalCommission() /home/ubuntu/workspace/features/commission.php:13
[09-May-2017 23:16:01 UTC] PHP   3. mysqli_query() /home/ubuntu/workspace/features/com_funcs.php:6
[09-May-2017 23:16:01 UTC] PHP Warning:  mysqli_fetch_assoc() expects parameter 1 to be mysqli_result, null given in /home/ubuntu/workspace/features/com_funcs.php on line 8
[09-May-2017 23:16:01 UTC] PHP Stack trace:
[09-May-2017 23:16:01 UTC] PHP   1. {main}() /home/ubuntu/workspace/features/commission.php:0
[09-May-2017 23:16:01 UTC] PHP   2. getTotalCommission() /home/ubuntu/workspace/features/commission.php:13
[09-May-2017 23:16:01 UTC] PHP   3. mysqli_fetch_assoc() /home/ubuntu/workspace/features/com_funcs.php:8
[09-May-2017 23:16:18 UTC] PHP Warning:  mysqli_query(): Empty query in /home/ubuntu/workspace/features/com_funcs.php on line 6
[09-May-2017 23:16:18 UTC] PHP Stack trace:
[09-May-2017 23:16:18 UTC] PHP   1. {main}() /home/ubuntu/workspace/features/commission.php:0
[09-May-2017 23:16:18 UTC] PHP   2. getTotalCommission() /home/ubuntu/workspace/features/commission.php:13
[09-May-2017 23:16:18 UTC] PHP   3. mysqli_query() /home/ubuntu/workspace/features/com_funcs.php:6
[09-May-2017 23:16:18 UTC] PHP Warning:  mysqli_fetch_assoc() expects parameter 1 to be mysqli_result, boolean given in /home/ubuntu/workspace/features/com_funcs.php on line 8
[09-May-2017 23:16:18 UTC] PHP Stack trace:
[09-May-2017 23:16:18 UTC] PHP   1. {main}() /home/ubuntu/workspace/features/commission.php:0
[09-May-2017 23:16:18 UTC] PHP   2. getTotalCommission() /home/ubuntu/workspace/features/commission.php:13
[09-May-2017 23:16:18 UTC] PHP   3. mysqli_fetch_assoc() /home/ubuntu/workspace/features/com_funcs.php:8
[09-May-2017 23:16:36 UTC] PHP Warning:  mysqli_query(): Empty query in /home/ubuntu/workspace/features/com_funcs.php on line 6
[09-May-2017 23:16:36 UTC] PHP Stack trace:
[09-May-2017 23:16:36 UTC] PHP   1. {main}() /home/ubuntu/workspace/features/commission.php:0
[09-May-2017 23:16:36 UTC] PHP   2. getTotalCommission() /home/ubuntu/workspace/features/commission.php:13
[09-May-2017 23:16:36 UTC] PHP   3. mysqli_query() /home/ubuntu/workspace/features/com_funcs.php:6
[09-May-2017 23:16:36 UTC] PHP Warning:  mysqli_fetch_assoc() expects parameter 1 to be mysqli_result, boolean given in /home/ubuntu/workspace/features/com_funcs.php on line 8
[09-May-2017 23:16:36 UTC] PHP Stack trace:
[09-May-2017 23:16:36 UTC] PHP   1. {main}() /home/ubuntu/workspace/features/commission.php:0
[09-May-2017 23:16:36 UTC] PHP   2. getTotalCommission() /home/ubuntu/workspace/features/commission.php:13
[09-May-2017 23:16:36 UTC] PHP   3. mysqli_fetch_assoc() /home/ubuntu/workspace/features/com_funcs.php:8
[09-May-2017 23:16:49 UTC] PHP Warning:  mysqli_query(): Empty query in /home/ubuntu/workspace/features/com_funcs.php on line 6
[09-May-2017 23:16:49 UTC] PHP Stack trace:
[09-May-2017 23:16:49 UTC] PHP   1. {main}() /home/ubuntu/workspace/features/commission.php:0
[09-May-2017 23:16:49 UTC] PHP   2. getTotalCommission() /home/ubuntu/workspace/features/commission.php:13
[09-May-2017 23:16:49 UTC] PHP   3. mysqli_query() /home/ubuntu/workspace/features/com_funcs.php:6
[09-May-2017 23:16:49 UTC] PHP Warning:  mysqli_fetch_assoc() expects parameter 1 to be mysqli_result, boolean given in /home/ubuntu/workspace/features/com_funcs.php on line 8
[09-May-2017 23:16:49 UTC] PHP Stack trace:
[09-May-2017 23:16:49 UTC] PHP   1. {main}() /home/ubuntu/workspace/features/commission.php:0
[09-May-2017 23:16:49 UTC] PHP   2. getTotalCommission() /home/ubuntu/workspace/features/commission.php:13
[09-May-2017 23:16:49 UTC] PHP   3. mysqli_fetch_assoc() /home/ubuntu/workspace/features/com_funcs.php:8
[09-May-2017 23:17:38 UTC] PHP Warning:  mysqli_query(): Empty query in /home/ubuntu/workspace/features/com_funcs.php on line 6
[09-May-2017 23:17:38 UTC] PHP Stack trace:
[09-May-2017 23:17:38 UTC] PHP   1. {main}() /home/ubuntu/workspace/features/commission.php:0
[09-May-2017 23:17:38 UTC] PHP   2. getTotalCommission() /home/ubuntu/workspace/features/commission.php:13
[09-May-2017 23:17:38 UTC] PHP   3. mysqli_query() /home/ubuntu/workspace/features/com_funcs.php:6
[09-May-2017 23:17:38 UTC] PHP Warning:  mysqli_fetch_assoc() expects parameter 1 to be mysqli_result, boolean given in /home/ubuntu/workspace/features/com_funcs.php on line 8
[09-May-2017 23:17:38 UTC] PHP Stack trace:
[09-May-2017 23:17:38 UTC] PHP   1. {main}() /home/ubuntu/workspace/features/commission.php:0
[09-May-2017 23:17:38 UTC] PHP   2. getTotalCommission() /home/ubuntu/workspace/features/commission.php:13
[09-May-2017 23:17:38 UTC] PHP   3. mysqli_fetch_assoc() /home/ubuntu/workspace/features/com_funcs.php:8
[09-May-2017 23:17:41 UTC] PHP Warning:  mysqli_query(): Empty query in /home/ubuntu/workspace/features/com_funcs.php on line 6
[09-May-2017 23:17:41 UTC] PHP Stack trace:
[09-May-2017 23:17:41 UTC] PHP   1. {main}() /home/ubuntu/workspace/features/commission.php:0
[09-May-2017 23:17:41 UTC] PHP   2. getTotalCommission() /home/ubuntu/workspace/features/commission.php:13
[09-May-2017 23:17:41 UTC] PHP   3. mysqli_query() /home/ubuntu/workspace/features/com_funcs.php:6
[09-May-2017 23:17:41 UTC] PHP Warning:  mysqli_fetch_assoc() expects parameter 1 to be mysqli_result, boolean given in /home/ubuntu/workspace/features/com_funcs.php on line 8
[09-May-2017 23:17:41 UTC] PHP Stack trace:
[09-May-2017 23:17:41 UTC] PHP   1. {main}() /home/ubuntu/workspace/features/commission.php:0
[09-May-2017 23:17:41 UTC] PHP   2. getTotalCommission() /home/ubuntu/workspace/features/commission.php:13
[09-May-2017 23:17:41 UTC] PHP   3. mysqli_fetch_assoc() /home/ubuntu/workspace/features/com_funcs.php:8
[10-May-2017 03:22:23 UTC] PHP Warning:  mysqli_fetch_assoc() expects parameter 1 to be mysqli_result, boolean given in /home/ubuntu/workspace/logins/a_login.php on line 17
[10-May-2017 03:22:23 UTC] PHP Stack trace:
[10-May-2017 03:22:23 UTC] PHP   1. {main}() /home/ubuntu/workspace/logins/a_login.php:0
[10-May-2017 03:22:23 UTC] PHP   2. mysqli_fetch_assoc() /home/ubuntu/workspace/logins/a_login.php:17
[10-May-2017 03:22:41 UTC] PHP Warning:  mysqli_fetch_assoc() expects parameter 1 to be mysqli_result, boolean given in /home/ubuntu/workspace/logins/a_login.php on line 17
[10-May-2017 03:22:41 UTC] PHP Stack trace:
[10-May-2017 03:22:41 UTC] PHP   1. {main}() /home/ubuntu/workspace/logins/a_login.php:0
[10-May-2017 03:22:41 UTC] PHP   2. mysqli_fetch_assoc() /home/ubuntu/workspace/logins/a_login.php:17
[10-May-2017 03:22:50 UTC] PHP Warning:  mysqli_fetch_assoc() expects parameter 1 to be mysqli_result, boolean given in /home/ubuntu/workspace/logins/a_login.php on line 17
[10-May-2017 03:22:50 UTC] PHP Stack trace:
[10-May-2017 03:22:50 UTC] PHP   1. {main}() /home/ubuntu/workspace/logins/a_login.php:0
[10-May-2017 03:22:50 UTC] PHP   2. mysqli_fetch_assoc() /home/ubuntu/workspace/logins/a_login.php:17
[10-May-2017 03:22:58 UTC] PHP Warning:  mysqli_fetch_assoc() expects parameter 1 to be mysqli_result, boolean given in /home/ubuntu/workspace/logins/a_login.php on line 17
[10-May-2017 03:22:58 UTC] PHP Stack trace:
[10-May-2017 03:22:58 UTC] PHP   1. {main}() /home/ubuntu/workspace/logins/a_login.php:0
[10-May-2017 03:22:58 UTC] PHP   2. mysqli_fetch_assoc() /home/ubuntu/workspace/logins/a_login.php:17
[10-May-2017 03:24:38 UTC] PHP Warning:  mysqli_fetch_assoc() expects parameter 1 to be mysqli_result, boolean given in /home/ubuntu/workspace/logins/a_login.php on line 17
[10-May-2017 03:24:38 UTC] PHP Stack trace:
[10-May-2017 03:24:38 UTC] PHP   1. {main}() /home/ubuntu/workspace/logins/a_login.php:0
[10-May-2017 03:24:38 UTC] PHP   2. mysqli_fetch_assoc() /home/ubuntu/workspace/logins/a_login.php:17
[10-May-2017 03:25:04 UTC] PHP Warning:  mysqli_fetch_assoc() expects parameter 1 to be mysqli_result, boolean given in /home/ubuntu/workspace/logins/a_login.php on line 17
[10-May-2017 03:25:04 UTC] PHP Stack trace:
[10-May-2017 03:25:04 UTC] PHP   1. {main}() /home/ubuntu/workspace/logins/a_login.php:0
[10-May-2017 03:25:04 UTC] PHP   2. mysqli_fetch_assoc() /home/ubuntu/workspace/logins/a_login.php:17
[10-May-2017 05:20:45 UTC] PHP Fatal error:  Call to undefined function getTopTicketAgents() in /home/ubuntu/workspace/features/agentlist_tickets.php on line 13
[10-May-2017 05:20:45 UTC] PHP Stack trace:
[10-May-2017 05:20:45 UTC] PHP   1. {main}() /home/ubuntu/workspace/features/agentlist_tickets.php:0
[10-May-2017 05:21:29 UTC] PHP Fatal error:  Call to undefined function getTopTicketAgents() in /home/ubuntu/workspace/features/agentlist_tickets.php on line 14
[10-May-2017 05:21:29 UTC] PHP Stack trace:
[10-May-2017 05:21:29 UTC] PHP   1. {main}() /home/ubuntu/workspace/features/agentlist_tickets.php:0
[10-May-2017 05:21:40 UTC] PHP Fatal error:  Call to undefined function getTopTicketAgents() in /home/ubuntu/workspace/features/agentlist_tickets.php on line 14
[10-May-2017 05:21:40 UTC] PHP Stack trace:
[10-May-2017 05:21:40 UTC] PHP   1. {main}() /home/ubuntu/workspace/features/agentlist_tickets.php:0
[10-May-2017 05:21:55 UTC] PHP Fatal error:  Call to undefined function getTopTicketAgents() in /home/ubuntu/workspace/features/agentlist_tickets.php on line 14
[10-May-2017 05:21:55 UTC] PHP Stack trace:
[10-May-2017 05:21:55 UTC] PHP   1. {main}() /home/ubuntu/workspace/features/agentlist_tickets.php:0
[10-May-2017 13:29:06 UTC] PHP Warning:  mysqli_fetch_assoc() expects parameter 1 to be mysqli_result, boolean given in /home/ubuntu/workspace/features/cust_funcs.php on line 7
[10-May-2017 13:29:06 UTC] PHP Stack trace:
[10-May-2017 13:29:06 UTC] PHP   1. {main}() /home/ubuntu/workspace/features/customer_info.php:0
[10-May-2017 13:29:06 UTC] PHP   2. getTopCustomer() /home/ubuntu/workspace/features/customer_info.php:15
[10-May-2017 13:29:06 UTC] PHP   3. mysqli_fetch_assoc() /home/ubuntu/workspace/features/cust_funcs.php:7
[10-May-2017 13:29:06 UTC] PHP Warning:  mysqli_fetch_assoc() expects parameter 1 to be mysqli_result, boolean given in /home/ubuntu/workspace/features/cust_funcs.php on line 18
[10-May-2017 13:29:06 UTC] PHP Stack trace:
[10-May-2017 13:29:06 UTC] PHP   1. {main}() /home/ubuntu/workspace/features/customer_info.php:0
[10-May-2017 13:29:06 UTC] PHP   2. getCustomerInfo() /home/ubuntu/workspace/features/customer_info.php:23
[10-May-2017 13:29:06 UTC] PHP   3. mysqli_fetch_assoc() /home/ubuntu/workspace/features/cust_funcs.php:18
[10-May-2017 13:29:46 UTC] PHP Warning:  mysqli_fetch_assoc() expects parameter 1 to be mysqli_result, boolean given in /home/ubuntu/workspace/features/cust_funcs.php on line 18
[10-May-2017 13:29:46 UTC] PHP Stack trace:
[10-May-2017 13:29:46 UTC] PHP   1. {main}() /home/ubuntu/workspace/features/customer_info.php:0
[10-May-2017 13:29:46 UTC] PHP   2. getCustomerInfo() /home/ubuntu/workspace/features/customer_info.php:23
[10-May-2017 13:29:46 UTC] PHP   3. mysqli_fetch_assoc() /home/ubuntu/workspace/features/cust_funcs.php:18
[10-May-2017 13:31:40 UTC] PHP Warning:  mysqli_fetch_assoc() expects parameter 1 to be mysqli_result, boolean given in /home/ubuntu/workspace/features/cust_funcs.php on line 18
[10-May-2017 13:31:40 UTC] PHP Stack trace:
[10-May-2017 13:31:40 UTC] PHP   1. {main}() /home/ubuntu/workspace/features/customer_info.php:0
[10-May-2017 13:31:40 UTC] PHP   2. getCustomerInfo() /home/ubuntu/workspace/features/customer_info.php:23
[10-May-2017 13:31:40 UTC] PHP   3. mysqli_fetch_assoc() /home/ubuntu/workspace/features/cust_funcs.php:18
[10-May-2017 13:31:42 UTC] PHP Warning:  mysqli_fetch_assoc() expects parameter 1 to be mysqli_result, boolean given in /home/ubuntu/workspace/features/cust_funcs.php on line 18
[10-May-2017 13:31:42 UTC] PHP Stack trace:
[10-May-2017 13:31:42 UTC] PHP   1. {main}() /home/ubuntu/workspace/features/customer_info.php:0
[10-May-2017 13:31:42 UTC] PHP   2. getCustomerInfo() /home/ubuntu/workspace/features/customer_info.php:23
[10-May-2017 13:31:42 UTC] PHP   3. mysqli_fetch_assoc() /home/ubuntu/workspace/features/cust_funcs.php:18
[10-May-2017 13:31:48 UTC] PHP Warning:  mysqli_fetch_assoc() expects parameter 1 to be mysqli_result, boolean given in /home/ubuntu/workspace/features/cust_funcs.php on line 18
[10-May-2017 13:31:48 UTC] PHP Stack trace:
[10-May-2017 13:31:48 UTC] PHP   1. {main}() /home/ubuntu/workspace/features/customer_info.php:0
[10-May-2017 13:31:48 UTC] PHP   2. getCustomerInfo() /home/ubuntu/workspace/features/customer_info.php:23
[10-May-2017 13:31:48 UTC] PHP   3. mysqli_fetch_assoc() /home/ubuntu/workspace/features/cust_funcs.php:18
[10-May-2017 13:34:27 UTC] PHP Warning:  mysqli_fetch_assoc() expects parameter 1 to be mysqli_result, boolean given in /home/ubuntu/workspace/features/cust_funcs.php on line 27
[10-May-2017 13:34:27 UTC] PHP Stack trace:
[10-May-2017 13:34:27 UTC] PHP   1. {main}() /home/ubuntu/workspace/features/customer_info.php:0
[10-May-2017 13:34:27 UTC] PHP   2. getCustomerInfo() /home/ubuntu/workspace/features/customer_info.php:23
[10-May-2017 13:34:27 UTC] PHP   3. mysqli_fetch_assoc() /home/ubuntu/workspace/features/cust_funcs.php:27
[10-May-2017 20:04:08 UTC] PHP Warning:  mysqli_fetch_assoc() expects parameter 1 to be mysqli_result, boolean given in /home/ubuntu/workspace/features/flights.php on line 69
[10-May-2017 20:04:08 UTC] PHP Stack trace:
[10-May-2017 20:04:08 UTC] PHP   1. {main}() /home/ubuntu/workspace/features/myflights.php:0
[10-May-2017 20:04:08 UTC] PHP   2. getBookingPurchases() /home/ubuntu/workspace/features/myflights.php:22
[10-May-2017 20:04:08 UTC] PHP   3. mysqli_fetch_assoc() /home/ubuntu/workspace/features/flights.php:69
[10-May-2017 20:04:35 UTC] PHP Warning:  mysqli_fetch_assoc() expects parameter 1 to be mysqli_result, boolean given in /home/ubuntu/workspace/features/flights.php on line 68
[10-May-2017 20:04:35 UTC] PHP Stack trace:
[10-May-2017 20:04:35 UTC] PHP   1. {main}() /home/ubuntu/workspace/features/myflights.php:0
[10-May-2017 20:04:35 UTC] PHP   2. getBookingPurchases() /home/ubuntu/workspace/features/myflights.php:22
[10-May-2017 20:04:35 UTC] PHP   3. mysqli_fetch_assoc() /home/ubuntu/workspace/features/flights.php:68
[10-May-2017 20:04:43 UTC] PHP Warning:  mysqli_fetch_assoc() expects parameter 1 to be mysqli_result, boolean given in /home/ubuntu/workspace/features/flights.php on line 68
[10-May-2017 20:04:43 UTC] PHP Stack trace:
[10-May-2017 20:04:43 UTC] PHP   1. {main}() /home/ubuntu/workspace/features/myflights.php:0
[10-May-2017 20:04:43 UTC] PHP   2. getBookingPurchases() /home/ubuntu/workspace/features/myflights.php:22
[10-May-2017 20:04:43 UTC] PHP   3. mysqli_fetch_assoc() /home/ubuntu/workspace/features/flights.php:68
[10-May-2017 20:08:06 UTC] PHP Warning:  mysqli_fetch_assoc() expects parameter 1 to be mysqli_result, boolean given in /home/ubuntu/workspace/features/com_funcs.php on line 8
[10-May-2017 20:08:06 UTC] PHP Stack trace:
[10-May-2017 20:08:06 UTC] PHP   1. {main}() /home/ubuntu/workspace/features/commission.php:0
[10-May-2017 20:08:06 UTC] PHP   2. getTotalCommission() /home/ubuntu/workspace/features/commission.php:13
[10-May-2017 20:08:06 UTC] PHP   3. mysqli_fetch_assoc() /home/ubuntu/workspace/features/com_funcs.php:8
[10-May-2017 20:08:06 UTC] PHP Warning:  mysqli_fetch_assoc() expects parameter 1 to be mysqli_result, boolean given in /home/ubuntu/workspace/features/com_funcs.php on line 16
[10-May-2017 20:08:06 UTC] PHP Stack trace:
[10-May-2017 20:08:06 UTC] PHP   1. {main}() /home/ubuntu/workspace/features/commission.php:0
[10-May-2017 20:08:06 UTC] PHP   2. getTotalCommission() /home/ubuntu/workspace/features/commission.php:13
[10-May-2017 20:08:06 UTC] PHP   3. mysqli_fetch_assoc() /home/ubuntu/workspace/features/com_funcs.php:16
[10-May-2017 20:10:40 UTC] PHP Warning:  mysqli_fetch_assoc() expects parameter 1 to be mysqli_result, boolean given in /home/ubuntu/workspace/features/com_funcs.php on line 8
[10-May-2017 20:10:40 UTC] PHP Stack trace:
[10-May-2017 20:10:40 UTC] PHP   1. {main}() /home/ubuntu/workspace/features/commission.php:0
[10-May-2017 20:10:40 UTC] PHP   2. getTotalCommission() /home/ubuntu/workspace/features/commission.php:13
[10-May-2017 20:10:40 UTC] PHP   3. mysqli_fetch_assoc() /home/ubuntu/workspace/features/com_funcs.php:8
[10-May-2017 20:10:40 UTC] PHP Warning:  mysqli_fetch_assoc() expects parameter 1 to be mysqli_result, boolean given in /home/ubuntu/workspace/features/com_funcs.php on line 16
[10-May-2017 20:10:40 UTC] PHP Stack trace:
[10-May-2017 20:10:40 UTC] PHP   1. {main}() /home/ubuntu/workspace/features/commission.php:0
[10-May-2017 20:10:40 UTC] PHP   2. getTotalCommission() /home/ubuntu/workspace/features/commission.php:13
[10-May-2017 20:10:40 UTC] PHP   3. mysqli_fetch_assoc() /home/ubuntu/workspace/features/com_funcs.php:16
